<?xml version="1.0" encoding="UTF-8"?>
<testng-results skipped="0" failed="0" total="5" passed="5">
  <reporter-output>
  </reporter-output>
  <suite name="testdataxml" duration-ms="0" started-at="2016-06-28T07:50:21Z" finished-at="2016-06-28T07:50:21Z">
    <groups>
    </groups>
    <test name="test1" duration-ms="0" started-at="2016-06-28T07:50:21Z" finished-at="2016-06-28T07:50:21Z">
      <class name="ngtest_xitongxuexi.datadriver.xml.TestDataProvider">
        <test-method status="PASS" signature="testmethod3(java.util.Map)[pri:0, instance:ngtest_xitongxuexi.datadriver.xml.TestDataProvider@1a4d5c6]" name="testmethod3" duration-ms="0" started-at="2016-06-28T15:50:21Z" data-provider="providerMethod" finished-at="2016-06-28T15:50:21Z">
          <params>
            <param index="0">
              <value>
                <![CDATA[{input=3, button=3}]]>
              </value>
            </param>
          </params>
          <reporter-output>
          </reporter-output>
        </test-method> <!-- testmethod3 -->
        <test-method status="PASS" signature="testmethod1(java.util.Map)[pri:0, instance:ngtest_xitongxuexi.datadriver.xml.TestDataProvider@1a4d5c6]" name="testmethod1" duration-ms="0" started-at="2016-06-28T15:50:21Z" data-provider="providerMethod" finished-at="2016-06-28T15:50:21Z">
          <params>
            <param index="0">
              <value>
                <![CDATA[{input=1, button=b1}]]>
              </value>
            </param>
          </params>
          <reporter-output>
          </reporter-output>
        </test-method> <!-- testmethod1 -->
        <test-method status="PASS" signature="testmethod2(java.util.Map)[pri:0, instance:ngtest_xitongxuexi.datadriver.xml.TestDataProvider@1a4d5c6]" name="testmethod2" duration-ms="0" started-at="2016-06-28T15:50:21Z" data-provider="providerMethod" finished-at="2016-06-28T15:50:21Z">
          <params>
            <param index="0">
              <value>
                <![CDATA[{input=2, button=2}]]>
              </value>
            </param>
          </params>
          <reporter-output>
          </reporter-output>
        </test-method> <!-- testmethod2 -->
        <test-method status="PASS" signature="testmethod4(java.util.Map)[pri:0, instance:ngtest_xitongxuexi.datadriver.xml.TestDataProvider@1a4d5c6]" name="testmethod4" duration-ms="0" started-at="2016-06-28T15:50:21Z" data-provider="providerMethod" finished-at="2016-06-28T15:50:21Z">
          <params>
            <param index="0">
              <value>
                <![CDATA[{input=4, button=4}]]>
              </value>
            </param>
          </params>
          <reporter-output>
          </reporter-output>
        </test-method> <!-- testmethod4 -->
        <test-method status="PASS" signature="testmethod1(java.util.Map)[pri:0, instance:ngtest_xitongxuexi.datadriver.xml.TestDataProvider@1a4d5c6]" name="testmethod1" duration-ms="0" started-at="2016-06-28T15:50:21Z" data-provider="providerMethod" finished-at="2016-06-28T15:50:21Z">
          <params>
            <param index="0">
              <value>
                <![CDATA[{input=1.1, button=b1.1是}]]>
              </value>
            </param>
          </params>
          <reporter-output>
          </reporter-output>
        </test-method> <!-- testmethod1 -->
      </class> <!-- ngtest_xitongxuexi.datadriver.xml.TestDataProvider -->
    </test> <!-- test1 -->
  </suite> <!-- testdataxml -->
</testng-results>
